TN:
SF:app.js
FN:15,buildApp
FN:29,(anonymous_1)
FN:38,(anonymous_2)
FN:42,(anonymous_3)
FNF:4
FNH:4
FNDA:4,buildApp
FNDA:1,(anonymous_1)
FNDA:1,(anonymous_2)
FNDA:1,(anonymous_3)
DA:3,4
DA:4,4
DA:5,4
DA:6,4
DA:7,4
DA:9,4
DA:10,4
DA:11,4
DA:12,4
DA:13,4
DA:16,4
DA:18,4
DA:19,4
DA:20,4
DA:21,4
DA:23,4
DA:29,4
DA:30,1
DA:31,1
DA:34,4
DA:35,4
DA:36,4
DA:38,4
DA:39,1
DA:42,4
DA:43,1
DA:46,4
DA:48,4
DA:51,4
LF:29
LH:29
BRF:0
BRH:0
end_of_record
TN:
SF:controllers/booksController.js
FN:6,listBooks
FN:27,getBookById
FN:41,createBook
FN:62,deleteBook
FNF:4
FNH:4
FNDA:8,listBooks
FNDA:5,getBookById
FNDA:9,createBook
FNDA:7,deleteBook
DA:3,5
DA:4,5
DA:7,8
DA:8,8
DA:9,8
DA:11,8
DA:12,2
DA:15,8
DA:16,1
DA:19,8
DA:21,7
DA:23,1
DA:28,5
DA:29,5
DA:31,4
DA:32,2
DA:35,2
DA:37,1
DA:42,9
DA:43,9
DA:45,9
DA:46,4
DA:49,5
DA:56,4
DA:58,1
DA:63,7
DA:64,7
DA:66,6
DA:67,2
DA:70,4
DA:71,2
DA:76,2
DA:78,2
DA:80,1
DA:84,5
LF:35
LH:35
BRDA:11,0,0,2
BRDA:11,0,1,6
BRDA:15,1,0,1
BRDA:15,1,1,7
BRDA:31,2,0,2
BRDA:31,2,1,2
BRDA:45,3,0,4
BRDA:45,3,1,5
BRDA:45,4,0,9
BRDA:45,4,1,6
BRDA:52,5,0,5
BRDA:52,5,1,4
BRDA:53,6,0,5
BRDA:53,6,1,3
BRDA:66,7,0,2
BRDA:66,7,1,4
BRDA:70,8,0,2
BRDA:70,8,1,2
BRF:18
BRH:18
end_of_record
TN:
SF:controllers/rentalsController.js
FN:5,listRentals
FN:11,(anonymous_1)
FN:24,rentBook
FN:57,returnBook
FNF:4
FNH:4
FNDA:6,listRentals
FNDA:4,(anonymous_1)
FNDA:9,rentBook
FNDA:7,returnBook
DA:3,5
DA:6,6
DA:7,6
DA:9,5
DA:11,4
DA:20,1
DA:25,9
DA:26,9
DA:28,9
DA:29,4
DA:32,5
DA:34,4
DA:35,1
DA:38,3
DA:39,1
DA:44,2
DA:51,2
DA:53,1
DA:58,7
DA:59,7
DA:61,7
DA:62,1
DA:65,6
DA:67,5
DA:68,1
DA:71,4
DA:72,2
DA:75,2
DA:77,2
DA:79,2
DA:81,1
DA:85,5
LF:32
LH:32
BRDA:28,0,0,4
BRDA:28,0,1,5
BRDA:28,1,0,9
BRDA:28,1,1,6
BRDA:34,2,0,1
BRDA:34,2,1,3
BRDA:38,3,0,1
BRDA:38,3,1,2
BRDA:61,4,0,1
BRDA:61,4,1,6
BRDA:67,5,0,1
BRDA:67,5,1,4
BRDA:71,6,0,2
BRDA:71,6,1,2
BRF:14
BRH:14
end_of_record
TN:
SF:controllers/statsController.js
FN:6,getOverview
FN:11,(anonymous_1)
FN:26,(anonymous_2)
FN:29,(anonymous_3)
FN:31,(anonymous_4)
FN:35,(anonymous_5)
FN:36,(anonymous_6)
FN:46,(anonymous_7)
FN:62,getGenresStats
FN:82,getTopBooks
FNF:10
FNH:9
FNDA:9,getOverview
FNDA:21,(anonymous_1)
FNDA:14,(anonymous_2)
FNDA:21,(anonymous_3)
FNDA:21,(anonymous_4)
FNDA:21,(anonymous_5)
FNDA:7,(anonymous_6)
FNDA:0,(anonymous_7)
FNDA:3,getGenresStats
FNDA:6,getTopBooks
DA:3,5
DA:4,5
DA:7,9
DA:8,9
DA:10,8
DA:11,21
DA:12,8
DA:13,8
DA:17,8
DA:18,8
DA:19,21
DA:20,21
DA:21,21
DA:23,21
DA:24,21
DA:26,14
DA:28,8
DA:29,21
DA:31,21
DA:33,8
DA:34,8
DA:35,21
DA:36,7
DA:46,0
DA:48,8
DA:58,1
DA:63,3
DA:64,3
DA:76,2
DA:78,1
DA:83,6
DA:84,6
DA:86,6
DA:92,5
DA:94,1
DA:98,5
LF:36
LH:35
BRDA:13,0,0,7
BRDA:13,0,1,1
BRDA:19,1,0,21
BRDA:19,1,1,0
BRDA:20,2,0,21
BRDA:20,2,1,0
BRDA:24,3,0,14
BRDA:24,3,1,7
BRDA:42,4,0,7
BRDA:42,4,1,0
BRDA:46,5,0,0
BRDA:46,5,1,0
BRDA:46,6,0,0
BRDA:46,6,1,0
BRDA:84,7,0,6
BRDA:84,7,1,3
BRF:16
BRH:9
end_of_record
TN:
SF:middleware/errorHandler.js
FN:3,errorHandler
FN:8,(anonymous_1)
FNF:2
FNH:2
FNDA:6,errorHandler
FNDA:2,(anonymous_1)
DA:4,6
DA:7,6
DA:8,2
DA:9,1
DA:13,5
DA:14,1
DA:18,4
DA:19,1
DA:22,3
DA:23,3
DA:28,5
LF:11
LH:11
BRDA:7,0,0,1
BRDA:7,0,1,5
BRDA:13,1,0,1
BRDA:13,1,1,4
BRDA:18,2,0,1
BRDA:18,2,1,3
BRDA:22,3,0,3
BRDA:22,3,1,2
BRDA:24,4,0,3
BRDA:24,4,1,0
BRF:10
BRH:9
end_of_record
TN:
SF:middleware/logger.js
FN:3,logger
FNF:1
FNH:1
FNDA:50,logger
DA:4,50
DA:5,50
DA:6,50
DA:9,5
LF:4
LH:4
BRF:0
BRH:0
end_of_record
TN:
SF:models/Book.js
FNF:0
FNH:0
DA:3,5
DA:4,5
DA:6,5
DA:65,5
LF:4
LH:4
BRF:0
BRH:0
end_of_record
TN:
SF:routes/books.js
FNF:0
FNH:0
DA:3,4
DA:4,4
DA:5,4
DA:39,4
DA:68,4
DA:101,4
DA:141,4
DA:143,4
LF:8
LH:8
BRF:0
BRH:0
end_of_record
TN:
SF:routes/rentals.js
FNF:0
FNH:0
DA:3,4
DA:4,4
DA:5,4
DA:40,4
DA:85,4
DA:130,4
DA:132,4
LF:7
LH:7
BRF:0
BRH:0
end_of_record
TN:
SF:routes/stats.js
FNF:0
FNH:0
DA:3,4
DA:4,4
DA:5,4
DA:21,4
DA:51,4
DA:90,4
DA:92,4
LF:7
LH:7
BRF:0
BRH:0
end_of_record
TN:
SF:swagger/config.js
FNF:0
FNH:0
DA:3,4
DA:5,4
DA:122,4
LF:3
LH:3
BRF:0
BRH:0
end_of_record
TN:
SF:tests/helpers/app.js
FN:5,createApp
FNF:1
FNH:1
FNDA:4,createApp
DA:3,4
DA:6,4
DA:9,4
LF:3
LH:3
BRF:0
BRH:0
end_of_record
